e:\c++\文字游戏\project2\release\vc142.pdb
e:\c++\文字游戏\project2\release\tools.obj
e:\c++\文字游戏\project2\release\time.obj
e:\c++\文字游戏\project2\release\object.obj
e:\c++\文字游戏\project2\release\map.obj
e:\c++\文字游戏\project2\release\main.obj
e:\c++\文字游戏\project2\release\game.obj
e:\c++\文字游戏\project2\release\controller.obj
e:\c++\文字游戏\project2\release\checkpoint.obj
e:\c++\文字游戏\project2\release\project2.exe
e:\c++\文字游戏\project2\release\project2.pdb
e:\c++\文字游戏\project2\release\project2.ipdb
e:\c++\文字游戏\project2\release\project2.iobj
e:\c++\文字游戏\project2\release\project2.tlog\cl.command.1.tlog
e:\c++\文字游戏\project2\release\project2.tlog\cl.read.1.tlog
e:\c++\文字游戏\project2\release\project2.tlog\cl.write.1.tlog
e:\c++\文字游戏\project2\release\project2.tlog\link.command.1.tlog
e:\c++\文字游戏\project2\release\project2.tlog\link.read.1.tlog
e:\c++\文字游戏\project2\release\project2.tlog\link.write.1.tlog
e:\c++\文字游戏\project2\release\project2.tlog\project2.write.1u.tlog
